<?xml version="1.0" encoding="UTF-8"?>
<testsuites name="fastlane">
  <testsuite name="deploy">
    <testcase name="0: Verifying required fastlane version" time="0.000563"/>
    <testcase name="1: default_platform" time="0.000177"/>
    <testcase name="2: cocoapods" time="9.727918"/>
    <testcase name="3: xctool" time="18.338122">
      <failure message="/Library/Ruby/Gems/2.0.0/gems/fastlane-1.21.0/lib/fastlane/actions/actions_helper.rb:35:in `execute_action'&#10;/Library/Ruby/Gems/2.0.0/gems/fastlane-1.21.0/lib/fastlane/runner.rb:128:in `block in execute_action'&#10;/Library/Ruby/Gems/2.0.0/gems/fastlane-1.21.0/lib/fastlane/runner.rb:127:in `chdir'&#10;/Library/Ruby/Gems/2.0.0/gems/fastlane-1.21.0/lib/fastlane/runner.rb:127:in `execute_action'&#10;/Library/Ruby/Gems/2.0.0/gems/fastlane-1.21.0/lib/fastlane/fast_file.rb:124:in `method_missing'&#10;(eval):22:in `test_and_coverage'&#10;(eval):42:in `block (3 levels) in parse'&#10;/Library/Ruby/Gems/2.0.0/gems/fastlane-1.21.0/lib/fastlane/lane.rb:36:in `call'&#10;/Library/Ruby/Gems/2.0.0/gems/fastlane-1.21.0/lib/fastlane/lane.rb:36:in `call'&#10;/Library/Ruby/Gems/2.0.0/gems/fastlane-1.21.0/lib/fastlane/runner.rb:51:in `block in execute'&#10;/Library/Ruby/Gems/2.0.0/gems/fastlane-1.21.0/lib/fastlane/runner.rb:46:in `chdir'&#10;/Library/Ruby/Gems/2.0.0/gems/fastlane-1.21.0/lib/fastlane/runner.rb:46:in `execute'&#10;/Library/Ruby/Gems/2.0.0/gems/fastlane-1.21.0/lib/fastlane/lane_manager.rb:43:in `cruise_lane'&#10;/Library/Ruby/Gems/2.0.0/gems/fastlane-1.21.0/lib/fastlane/command_line_handler.rb:31:in `handle'&#10;/Library/Ruby/Gems/2.0.0/gems/fastlane-1.21.0/bin/fastlane:34:in `block (2 levels) in run'&#10;/Library/Ruby/Gems/2.0.0/gems/commander-4.3.5/lib/commander/command.rb:178:in `call'&#10;/Library/Ruby/Gems/2.0.0/gems/commander-4.3.5/lib/commander/command.rb:178:in `call'&#10;/Library/Ruby/Gems/2.0.0/gems/commander-4.3.5/lib/commander/command.rb:153:in `run'&#10;/Library/Ruby/Gems/2.0.0/gems/commander-4.3.5/lib/commander/runner.rb:428:in `run_active_command'&#10;/Library/Ruby/Gems/2.0.0/gems/commander-4.3.5/lib/commander/runner.rb:71:in `run!'&#10;/Library/Ruby/Gems/2.0.0/gems/commander-4.3.5/lib/commander/delegates.rb:15:in `run!'&#10;/Library/Ruby/Gems/2.0.0/gems/fastlane-1.21.0/bin/fastlane:123:in `run'&#10;/Library/Ruby/Gems/2.0.0/gems/fastlane-1.21.0/bin/fastlane:129:in `&lt;top (required)&gt;'&#10;/usr/bin/fastlane:23:in `load'&#10;/usr/bin/fastlane:23:in `&lt;main&gt;'&#10;&#10;Exit status of command 'xctool test -workspace Wattpad-app.xcworkspace -scheme Wattpad-app -configuration Debug -reporter plain -sdk iphonesimulator GCC_GENERATE_TEST_COVERAGE_FILES=YES GCC_INSTRUMENT_PROGRAM_FLOW_ARCS=YES' was 1 instead of 0. &#10;[Info] Loading settings for scheme 'Wattpad-app' ... (746 ms)&#10;&#10;=== TEST ===&#10;&#10;  xcodebuild build build&#10;    Pods / AFNetworking (Debug)&#10;      ~ Check dependencies (8 ms)&#10;      ~ Write auxiliary files (4 ms)&#10;--------------------------------------------------------------------------------&#10;/bin/mkdir -p /Users/mateuscampos/Library/Developer/Xcode/DerivedData/Wattpad-app-dotmdolazgqiqffufhaozztziprw/Build/Intermediates/Pods.build/Debug-iphonesimulator/AFNetworking.build/Objects-normal/i386&#10;write-file /Users/mateuscampos/Library/Developer/Xcode/DerivedData/Wattpad-app-dotmdolazgqiqffufhaozztziprw/Build/Intermediates/Pods.build/Debug-iphonesimulator/AFNetworking.build/Objects-normal/i386/AFNetworking.LinkFileList&#10;--------------------------------------------------------------------------------&#10;      ~ Compile AFHTTPRequestOperation.m (1000 ms)&#10;      ~ Compile AFHTTPRequestOperationManager.m (1671 ms)&#10;      ~ Compile AFHTTPSessionManager.m (205 ms)&#10;      ~ Compile AFNetworkActivityIndicatorManager.m (123 ms)&#10;      ~ Compile AFNetworkReachabilityManager.m (105 ms)&#10;      ~ Compile AFNetworking-dummy.m (59 ms)&#10;      ~ Compile AFSecurityPolicy.m (172 ms)&#10;      ~ Compile AFURLConnectionOperation.m (415 ms)&#10;      ~ Compile AFURLRequestSerialization.m (470 ms)&#10;      ~ Compile AFURLResponseSerialization.m (188 ms)&#10;      ~ Compile AFURLSessionManager.m (487 ms)&#10;      ~ Compile UIActivityIndicatorView+AFNetworking.m (138 ms)&#10;      ~ Compile UIAlertView+AFNetworking.m (192 ms)&#10;      ~ Compile UIButton+AFNetworking.m (206 ms)&#10;      ~ Compile UIImageView+AFNetworking.m (191 ms)&#10;      ~ Compile UIProgressView+AFNetworking.m (245 ms)&#10;      ~ Compile UIRefreshControl+AFNetworking.m (160 ms)&#10;      ~ Compile UIWebView+AFNetworking.m (192 ms)&#10;      ~ Create static library libAFNetworking.a (19 ms)&#10;      0 errored, 0 warning (5381 ms)&#10;&#10;    Pods / Mantle (Debug)&#10;      ~ Check dependencies (8 ms)&#10;      ~ Write auxiliary files (5 ms)&#10;--------------------------------------------------------------------------------&#10;/bin/mkdir -p /Users/mateuscampos/Library/Developer/Xcode/DerivedData/Wattpad-app-dotmdolazgqiqffufhaozztziprw/Build/Intermediates/Pods.build/Debug-iphonesimulator/Mantle.build/Objects-normal/i386&#10;write-file /Users/mateuscampos/Library/Developer/Xcode/DerivedData/Wattpad-app-dotmdolazgqiqffufhaozztziprw/Build/Intermediates/Pods.build/Debug-iphonesimulator/Mantle.build/Objects-normal/i386/Mantle.LinkFileList&#10;--------------------------------------------------------------------------------&#10;      ~ Compile EXTRuntimeExtensions.m (1045 ms)&#10;      ~ Compile EXTScope.m (435 ms)&#10;      ~ Compile MTLJSONAdapter.m (279 ms)&#10;      ~ Compile MTLModel+NSCoding.m (194 ms)&#10;      ~ Compile MTLModel.m (187 ms)&#10;      ~ Compile MTLReflection.m (79 ms)&#10;      ~ Compile MTLTransformerErrorHandling.m (83 ms)&#10;      ~ Compile MTLValueTransformer.m (80 ms)&#10;      ~ Compile Mantle-dummy.m (58 ms)&#10;      ~ Compile NSArray+MTLManipulationAdditions.m (70 ms)&#10;      ~ Compile NSDictionary+MTLJSONKeyPath.m (87 ms)&#10;      ~ Compile NSDictionary+MTLManipulationAdditions.m (75 ms)&#10;      ~ Compile NSDictionary+MTLMappingAdditions.m (73 ms)&#10;      ~ Compile NSError+MTLModelException.m (76 ms)&#10;      ~ Compile NSObject+MTLComparisonAdditions.m (64 ms)&#10;      ~ Compile NSValueTransformer+MTLInversionAdditions.m (89 ms)&#10;      ~ Compile NSValueTransformer+MTLPredefinedTransformerAdditions.m (186 ms)&#10;      ~ Create static library libMantle.a (12 ms)&#10;      0 errored, 0 warning (5510 ms)&#10;&#10;    Pods / SDWebImage (Debug)&#10;      0 errored, 0 warning (5312 ms)&#10;&#10;    ~ Check dependencies (54 ms)&#10;    ~ Write auxiliary files (5 ms)&#10;--------------------------------------------------------------------------------&#10;/bin/mkdir -p /Users/mateuscampos/Library/Developer/Xcode/DerivedData/Wattpad-app-dotmdolazgqiqffufhaozztziprw/Build/Intermediates/Pods.build/Debug-iphonesimulator/SDWebImage.build/Objects-normal/i386&#10;write-file /Users/mateuscampos/Library/Developer/Xcode/DerivedData/Wattpad-app-dotmdolazgqiqffufhaozztziprw/Build/Intermediates/Pods.build/Debug-iphonesimulator/SDWebImage.build/Objects-normal/i386/SDWebImage.LinkFileList&#10;--------------------------------------------------------------------------------&#10;    ~ Compile NSData+ImageContentType.m (1005 ms)&#10;    ~ Compile SDImageCache.m (687 ms)&#10;    ~ Compile SDWebImage-dummy.m (61 ms)&#10;    ~ Compile SDWebImageCompat.m (85 ms)&#10;    ~ Compile SDWebImageDecoder.m (83 ms)&#10;    ~ Compile SDWebImageDownloader.m (276 ms)&#10;    ~ Compile SDWebImageDownloaderOperation.m (243 ms)&#10;    ~ Compile SDWebImageManager.m (216 ms)&#10;    ~ Compile SDWebImagePrefetcher.m (130 ms)&#10;    ~ Compile UIButton+WebCache.m (306 ms)&#10;    ~ Compile UIImage+GIF.m (108 ms)&#10;    ~ Compile UIImage+MultiFormat.m (90 ms)&#10;    ~ Compile UIImageView+HighlightedWebCache.m (276 ms)&#10;    ~ Compile UIImageView+WebCache.m (268 ms)&#10;    ~ Compile UIView+WebCacheOperation.m (121 ms)&#10;    ~ Create static library libSDWebImage.a (16 ms)&#10;    Pods / HMSegmentedControl (Debug)&#10;      0 errored, 0 warning (2557 ms)&#10;&#10;    ~ Check dependencies (7 ms)&#10;    ~ Write auxiliary files (6 ms)&#10;--------------------------------------------------------------------------------&#10;/bin/mkdir -p /Users/mateuscampos/Library/Developer/Xcode/DerivedData/Wattpad-app-dotmdolazgqiqffufhaozztziprw/Build/Intermediates/Pods.build/Debug-iphonesimulator/HMSegmentedControl.build/Objects-normal/i386&#10;write-file /Users/mateuscampos/Library/Developer/Xcode/DerivedData/Wattpad-app-dotmdolazgqiqffufhaozztziprw/Build/Intermediates/Pods.build/Debug-iphonesimulator/HMSegmentedControl.build/Objects-normal/i386/HMSegmentedControl.LinkFileList&#10;--------------------------------------------------------------------------------&#10;    ~ Compile HMSegmentedControl-dummy.m (1558 ms)&#10;    ~ Compile HMSegmentedControl.m (1910 ms)&#10;    ~ Create static library libHMSegmentedControl.a (8 ms)&#10;    Pods / Expecta (Debug)&#10;      ~ Check dependencies (8 ms)&#10;      ~ Write auxiliary files (6 ms)&#10;--------------------------------------------------------------------------------&#10;/bin/mkdir -p /Users/mateuscampos/Library/Developer/Xcode/DerivedData/Wattpad-app-dotmdolazgqiqffufhaozztziprw/Build/Intermediates/Pods.build/Debug-iphonesimulator/Expecta.build/Objects-normal/i386&#10;write-file /Users/mateuscampos/Library/Developer/Xcode/DerivedData/Wattpad-app-dotmdolazgqiqffufhaozztziprw/Build/Intermediates/Pods.build/Debug-iphonesimulator/Expecta.build/Objects-normal/i386/Expecta.LinkFileList&#10;--------------------------------------------------------------------------------&#10;      ~ Compile EXPBlockDefinedMatcher.m (1192 ms)&#10;      ~ Compile EXPDoubleTuple.m (1500 ms)&#10;      ~ Compile EXPExpect.m (621 ms)&#10;      ~ Compile EXPFloatTuple.m (58 ms)&#10;      ~ Compile EXPMatcherHelpers.m (62 ms)&#10;      ~ Compile EXPMatchers+beCloseTo.m (113 ms)&#10;      ~ Compile EXPMatchers+beFalsy.m (112 ms)&#10;      ~ Compile EXPMatchers+beGreaterThan.m (100 ms)&#10;      ~ Compile EXPMatchers+beGreaterThanOrEqualTo.m (104 ms)&#10;      ~ Compile EXPMatchers+beIdenticalTo.m (102 ms)&#10;      ~ Compile EXPMatchers+beInTheRangeOf.m (106 ms)&#10;      ~ Compile EXPMatchers+beInstanceOf.m (111 ms)&#10;      ~ Compile EXPMatchers+beKindOf.m (120 ms)&#10;      ~ Compile EXPMatchers+beLessThan.m (143 ms)&#10;      ~ Compile EXPMatchers+beLessThanOrEqualTo.m (109 ms)&#10;      ~ Compile EXPMatchers+beNil.m (117 ms)&#10;      ~ Compile EXPMatchers+beSubclassOf.m (150 ms)&#10;      ~ Compile EXPMatchers+beSupersetOf.m (226 ms)&#10;      ~ Compile EXPMatchers+beTruthy.m (153 ms)&#10;      ~ Compile EXPMatchers+beginWith.m (142 ms)&#10;      ~ Compile EXPMatchers+conformTo.m (107 ms)&#10;      ~ Compile EXPMatchers+contain.m (211 ms)&#10;      ~ Compile EXPMatchers+endWith.m (128 ms)&#10;      ~ Compile EXPMatchers+equal.m (113 ms)&#10;      ~ Compile EXPMatchers+haveCountOf.m (126 ms)&#10;      ~ Compile EXPMatchers+match.m (120 ms)&#10;      ~ Compile EXPMatchers+postNotification.m (128 ms)&#10;      ~ Compile EXPMatchers+raise.m (75 ms)&#10;      ~ Compile EXPMatchers+raiseWithReason.m (102 ms)&#10;      ~ Compile EXPMatchers+respondTo.m (96 ms)&#10;      ~ Compile EXPUnsupportedObject.m (51 ms)&#10;      ~ Compile Expecta-dummy.m (59 ms)&#10;      ~ Compile ExpectaObject.m (72 ms)&#10;      ~ Compile ExpectaSupport.m (247 ms)&#10;      ~ Compile NSValue+Expecta.m (76 ms)&#10;      ~ Create static library libExpecta.a (24 ms)&#10;      0 errored, 0 warning (5666 ms)&#10;&#10;    Pods / OCMock (Debug)&#10;      ~ Check dependencies (6 ms)&#10;      ~ Write auxiliary files (6 ms)&#10;--------------------------------------------------------------------------------&#10;/bin/mkdir -p /Users/mateuscampos/Library/Developer/Xcode/DerivedData/Wattpad-app-dotmdolazgqiqffufhaozztziprw/Build/Intermediates/Pods.build/Debug-iphonesimulator/OCMock.build/Objects-normal/i386&#10;write-file /Users/mateuscampos/Library/Developer/Xcode/DerivedData/Wattpad-app-dotmdolazgqiqffufhaozztziprw/Build/Intermediates/Pods.build/Debug-iphonesimulator/OCMock.build/Objects-normal/i386/OCMock.LinkFileList&#10;--------------------------------------------------------------------------------&#10;      ~ Compile NSInvocation+OCMAdditions.m (174 ms)&#10;      ~ Compile NSMethodSignature+OCMAdditions.m (78 ms)&#10;      ~ Compile NSNotificationCenter+OCMAdditions.m (69 ms)&#10;      ~ Compile NSObject+OCMAdditions.m (95 ms)&#10;      ~ Compile NSValue+OCMAdditions.m (100 ms)&#10;      ~ Compile OCClassMockObject.m (126 ms)&#10;      ~ Compile OCMArg.m (138 ms)&#10;      ~ Compile OCMBlockCaller.m (74 ms)&#10;      ~ Compile OCMBoxedReturnValueProvider.m (80 ms)&#10;      ~ Compile OCMConstraint.m (99 ms)&#10;      ~ Compile OCMExceptionReturnValueProvider.m (70 ms)&#10;      ~ Compile OCMExpectationRecorder.m (73 ms)&#10;      ~ Compile OCMFunctions.m (88 ms)&#10;      ~ Compile OCMIndirectReturnValueProvider.m (69 ms)&#10;      ~ Compile OCMInvocationExpectation.m (65 ms)&#10;      ~ Compile OCMInvocationMatcher.m (71 ms)&#10;      ~ Compile OCMInvocationStub.m (75 ms)&#10;      ~ Compile OCMLocation.m (77 ms)&#10;      ~ Compile OCMMacroState.m (104 ms)&#10;      ~ Compile OCMNotificationPoster.m (70 ms)&#10;      ~ Compile OCMObserverRecorder.m (79 ms)&#10;      ~ Compile OCMPassByRefSetter.m (75 ms)&#10;      ~ Compile OCMRealObjectForwarder.m (76 ms)&#10;      ~ Compile OCMRecorder.m (107 ms)&#10;      ~ Compile OCMReturnValueProvider.m (85 ms)&#10;      ~ Compile OCMVerifier.m (83 ms)&#10;      ~ Compile OCMStubRecorder.m (134 ms)&#10;      ~ Compile OCMock-dummy.m (66 ms)&#10;      ~ Compile OCMockObject.m (193 ms)&#10;      ~ Compile OCObserverMockObject.m (103 ms)&#10;      ~ Compile OCPartialMockObject.m (113 ms)&#10;      ~ Compile OCProtocolMockObject.m (78 ms)&#10;      ~ Create static library libOCMock.a (42 ms)&#10;      0 errored, 0 warning (3286 ms)&#10;&#10;    Pods / Specta (Debug)&#10;      0 errored, 0 warning (1864 ms)&#10;&#10;    ~ Check dependencies (8 ms)&#10;    ~ Write auxiliary files (7 ms)&#10;--------------------------------------------------------------------------------&#10;/bin/mkdir -p /Users/mateuscampos/Library/Developer/Xcode/DerivedData/Wattpad-app-dotmdolazgqiqffufhaozztziprw/Build/Intermediates/Pods.build/Debug-iphonesimulator/Specta.build/Objects-normal/i386&#10;write-file /Users/mateuscampos/Library/Developer/Xcode/DerivedData/Wattpad-app-dotmdolazgqiqffufhaozztziprw/Build/Intermediates/Pods.build/Debug-iphonesimulator/Specta.build/Objects-normal/i386/Specta.LinkFileList&#10;--------------------------------------------------------------------------------&#10;    ~ Compile SPTCallSite.m (92 ms)&#10;    ~ Compile SPTCompiledExample.m (94 ms)&#10;    ~ Compile SPTExample.m (83 ms)&#10;    ~ Compile SPTExampleGroup.m (602 ms)&#10;    ~ Compile SPTSharedExampleGroups.m (105 ms)&#10;    ~ Compile SPTSpec.m (254 ms)&#10;    ~ Compile SPTTestSuite.m (104 ms)&#10;    ~ Compile Specta-dummy.m (74 ms)&#10;    ~ Compile SpectaDSL.m (181 ms)&#10;    ~ Compile SpectaUtility.m (98 ms)&#10;    ~ Compile XCTestCase+Specta.m (83 ms)&#10;    ~ Create static library libSpecta.a (10 ms)&#10;    Pods / TLJsonFactory-TLJsonFactory (Debug)&#10;      0 errored, 0 warning (146 ms)&#10;&#10;    ~ Check dependencies (0 ms)&#10;    ~ Create product structure (0 ms)&#10;--------------------------------------------------------------------------------&#10;/bin/mkdir -p /Users/mateuscampos/Library/Developer/Xcode/DerivedData/Wattpad-app-dotmdolazgqiqffufhaozztziprw/Build/Products/Debug-iphonesimulator/TLJsonFactory.bundle&#10;--------------------------------------------------------------------------------&#10;    ~ Touch TLJsonFactory.bundle (7 ms)&#10;    Pods / Pods-Wattpad-app (Debug)&#10;      0 errored, 0 warning (429 ms)&#10;&#10;    ~ Check dependencies (7 ms)&#10;    ~ Write auxiliary files (6 ms)&#10;--------------------------------------------------------------------------------&#10;/bin/mkdir -p /Users/mateuscampos/Library/Developer/Xcode/DerivedData/Wattpad-app-dotmdolazgqiqffufhaozztziprw/Build/Intermediates/Pods.build/Debug-iphonesimulator/Pods-Wattpad-app.build/Objects-normal/i386&#10;write-file /Users/mateuscampos/Library/Developer/Xcode/DerivedData/Wattpad-app-dotmdolazgqiqffufhaozztziprw/Build/Intermediates/Pods.build/Debug-iphonesimulator/Pods-Wattpad-app.build/Objects-normal/i386/Pods-Wattpad-app.LinkFileList&#10;--------------------------------------------------------------------------------&#10;    ~ Compile Pods-Wattpad-app-dummy.m (52 ms)&#10;    ~ Create static library libPods-Wattpad-app.a (8 ms)&#10;    Wattpad-app / Wattpad-app (Debug)&#10;      ~ Check dependencies (7 ms)&#10;      ~ Write auxiliary files (6 ms)&#10;--------------------------------------------------------------------------------&#10;/bin/mkdir -p /Users/mateuscampos/Library/Developer/Xcode/DerivedData/Wattpad-app-dotmdolazgqiqffufhaozztziprw/Build/Intermediates/Wattpad-app.build/Debug-iphonesimulator/Wattpad-app.build/Objects-normal/i386&#10;write-file /Users/mateuscampos/Library/Developer/Xcode/DerivedData/Wattpad-app-dotmdolazgqiqffufhaozztziprw/Build/Intermediates/Wattpad-app.build/Debug-iphonesimulator/Wattpad-app.build/Objects-normal/i386/Wattpad-app.LinkFileList&#10;--------------------------------------------------------------------------------&#10;      ~ Create product structure (1 ms)&#10;--------------------------------------------------------------------------------&#10;/bin/mkdir -p /Users/mateuscampos/Library/Developer/Xcode/DerivedData/Wattpad-app-dotmdolazgqiqffufhaozztziprw/Build/Products/Debug-iphonesimulator/Wattpad-app.app&#10;--------------------------------------------------------------------------------&#10;      ~ Run custom shell script 'Check Pods Manifest.lock' (23 ms)&#10;      ~ Compile Story.m (746 ms)&#10;      ~ Compile StoryCategories.m (643 ms)&#10;      ~ Compile CollectionViewDatasourceAndDelegate.m (1152 ms)&#10;      ~ Compile ContainerViewController.m (713 ms)&#10;      ~ Compile StoryCategory.m (70 ms)&#10;      ~ Compile MenuViewController.m (320 ms)&#10;      ~ Compile TableViewDatasourceAndDelegate.m (99 ms)&#10;      ! Compile GridCollectionViewController.m (136 ms)&#10;--------------------------------------------------------------------------------&#10;/Users/mateuscampos/Documents/Concrete/Projetos/bootcamp/CS-iOS-Bootcamp/Wattpad-app/GridCollectionViewController.m:59:2: warning: Incomplete method implementation -- Return the number of sections [-W#warnings]&#10;#warning Incomplete method implementation -- Return the number of sections&#10; ^&#10;/Users/mateuscampos/Documents/Concrete/Projetos/bootcamp/CS-iOS-Bootcamp/Wattpad-app/GridCollectionViewController.m:65:2: warning: Incomplete method implementation -- Return the number of items in the section [-W#warnings]&#10;#warning Incomplete method implementation -- Return the number of items in the section&#10; ^&#10;2 warnings generated.&#10;--------------------------------------------------------------------------------&#10;      ~ Compile AppDelegate.m (126 ms)&#10;      ~ Compile Client.m (396 ms)&#10;      ~ Compile main.m (64 ms)&#10;      ~ Compile Stories.m (73 ms)&#10;      ~ Compile ListTableViewController.m (153 ms)&#10;      ~ Link Wattpad-app (253 ms)&#10;      ~ Compile XIB file LaunchScreen.xib (1125 ms)&#10;      ~ Compile Storyboard file Main.storyboard (1227 ms)&#10;      ~ Compile asset catalog Images.xcassets (698 ms)&#10;--------------------------------------------------------------------------------&#10;/* com.apple.actool.compilation-results */&#10;/Users/mateuscampos/Library/Developer/Xcode/DerivedData/Wattpad-app-dotmdolazgqiqffufhaozztziprw/Build/Intermediates/Wattpad-app.build/Debug-iphonesimulator/Wattpad-app.build/assetcatalog_generated_info.plist&#10;--------------------------------------------------------------------------------&#10;      ~ Process Info.plist (4 ms)&#10;      ~ Generate Wattpad-app.app.dSYM (82 ms)&#10;      ~ Run custom shell script 'Copy Pods Resources' (31 ms)&#10;--------------------------------------------------------------------------------&#10;building file list ... done&#10;&#10;sent 29 bytes  received 20 bytes  98.00 bytes/sec&#10;total size is 0  speedup is 0.00&#10;--------------------------------------------------------------------------------&#10;      ~ Touch Wattpad-app.app (5 ms)&#10;      0 errored, 2 warning (3826 ms)&#10;&#10;    Pods / TLJsonFactory (Debug)&#10;      0 errored, 0 warning (668 ms)&#10;&#10;    ~ Check dependencies (6 ms)&#10;    ~ Write auxiliary files (6 ms)&#10;--------------------------------------------------------------------------------&#10;/bin/mkdir -p /Users/mateuscampos/Library/Developer/Xcode/DerivedData/Wattpad-app-dotmdolazgqiqffufhaozztziprw/Build/Intermediates/Pods.build/Debug-iphonesimulator/TLJsonFactory.build/Objects-normal/i386&#10;write-file /Users/mateuscampos/Library/Developer/Xcode/DerivedData/Wattpad-app-dotmdolazgqiqffufhaozztziprw/Build/Intermediates/Pods.build/Debug-iphonesimulator/TLJsonFactory.build/Objects-normal/i386/TLJsonFactory.LinkFileList&#10;--------------------------------------------------------------------------------&#10;    ~ Compile TLJsonFactory-dummy.m (46 ms)&#10;    ~ Compile TLJsonFactory.m (69 ms)&#10;    ~ Create static library libTLJsonFactory.a (8 ms)&#10;    Pods / Pods-Wattpad-appTests (Debug)&#10;      0 errored, 0 warning (72 ms)&#10;&#10;    ~ Check dependencies (7 ms)&#10;    ~ Write auxiliary files (6 ms)&#10;--------------------------------------------------------------------------------&#10;/bin/mkdir -p /Users/mateuscampos/Library/Developer/Xcode/DerivedData/Wattpad-app-dotmdolazgqiqffufhaozztziprw/Build/Intermediates/Pods.build/Debug-iphonesimulator/Pods-Wattpad-appTests.build/Objects-normal/i386&#10;write-file /Users/mateuscampos/Library/Developer/Xcode/DerivedData/Wattpad-app-dotmdolazgqiqffufhaozztziprw/Build/Intermediates/Pods.build/Debug-iphonesimulator/Pods-Wattpad-appTests.build/Objects-normal/i386/Pods-Wattpad-appTests.LinkFileList&#10;--------------------------------------------------------------------------------&#10;    ~ Compile Pods-Wattpad-appTests-dummy.m (52 ms)&#10;    ~ Create static library libPods-Wattpad-appTests.a (7 ms)&#10;    Wattpad-app / Wattpad-appTests (Debug)&#10;      ~ Check dependencies (6 ms)&#10;      ~ Write auxiliary files (5 ms)&#10;--------------------------------------------------------------------------------&#10;/bin/mkdir -p /Users/mateuscampos/Library/Developer/Xcode/DerivedData/Wattpad-app-dotmdolazgqiqffufhaozztziprw/Build/Intermediates/Wattpad-app.build/Debug-iphonesimulator/Wattpad-appTests.build/Objects-normal/i386&#10;write-file /Users/mateuscampos/Library/Developer/Xcode/DerivedData/Wattpad-app-dotmdolazgqiqffufhaozztziprw/Build/Intermediates/Wattpad-app.build/Debug-iphonesimulator/Wattpad-appTests.build/Objects-normal/i386/Wattpad-appTests.LinkFileList&#10;--------------------------------------------------------------------------------&#10;      ~ Create product structure (0 ms)&#10;--------------------------------------------------------------------------------&#10;/bin/mkdir -p /Users/mateuscampos/Library/Developer/Xcode/DerivedData/Wattpad-app-dotmdolazgqiqffufhaozztziprw/Build/Products/Debug-iphonesimulator/Wattpad-appTests.xctest&#10;--------------------------------------------------------------------------------&#10;      ~ Process Info.plist (9 ms)&#10;      ~ Run custom shell script 'Check Pods Manifest.lock' (14 ms)&#10;      ~ Compile Wattpad_appTests.m (1217 ms)&#10;      ~ Compile StoryResponseSpec.m (697 ms)&#10;      ~ Compile CategoriesResponseSpec.m (917 ms)&#10;      ~ Compile CategoryResponseSpec.m (970 ms)&#10;      ~ Link Wattpad-appTests (131 ms)&#10;      ~ Generate Wattpad-appTests.xctest.dSYM (68 ms)&#10;      ~ Copy categories.json (1 ms)&#10;      ~ Copy stories.json (1 ms)&#10;      ~ Copy category.json (1 ms)&#10;      ~ Copy story.json (1 ms)&#10;      ~ Run custom shell script 'Copy Pods Resources' (36 ms)&#10;--------------------------------------------------------------------------------&#10;/Users/mateuscampos/Library/Developer/Xcode/DerivedData/Wattpad-app-dotmdolazgqiqffufhaozztziprw/Build/Products/Debug-iphonesimulator/TLJsonFactory.bundle&#10;building file list ... done&#10;TLJsonFactory.bundle/&#10;&#10;sent 104 bytes  received 26 bytes  260.00 bytes/sec&#10;total size is 0  speedup is 0.00&#10;--------------------------------------------------------------------------------&#10;      ~ Touch Wattpad-appTests.xctest (5 ms)&#10;      0 errored, 0 warning (1511 ms)&#10;&#10;&#10;  [Info] Collecting info for testables... (1210 ms)&#10;  run-test Wattpad-appTests.xctest (iphonesimulator8.4, application-test)&#10;    [Info] Installed 'Concrete-Solution.Wattpad-app'. (1133 ms)&#10;    [Info] Launching test host and running tests ... (0 ms)&#10;    ~ -[CategoriesResponseSpecSpec test_CategoriesResponse__should_not_be_nil] (11 ms)&#10;    ~ -[CategoriesResponseSpecSpec test_CategoriesResponse__should_have_an_array_of_kind] (0 ms)&#10;    ~ -[CategoryResponseSpecSpec test_CategoriesResponse__should_not_be_nil] (0 ms)&#10;    ~ -[CategoryResponseSpecSpec test_CategoriesResponse__should_have_an_array_of_kind] (0 ms)&#10;      -[StoryResponseSpecSpec test_CategoriesResponse__should_not_be_nil]&#10;--------------------------------------------------------------------------------&#10;2015-08-26 13:28:53.211 Wattpad-app[24595:372156] /Users/mateuscampos/Documents/Concrete/Projetos/bootcamp/CS-iOS-Bootcamp/Wattpad-appTests/StoryResponseSpec.m:32 expected: not nil/null, got: nil/null&#10;/Users/mateuscampos/Documents/Concrete/Projetos/bootcamp/CS-iOS-Bootcamp/Wattpad-appTests/StoryResponseSpec.m:32: expected: not nil/null, got: nil/null:&#10;29     });&#10;30     &#10;31     it(@&quot;should not be nil&quot;, ^{&#10;32         expect(categories).toNot.beNil();&#10;           ~~~~~~~~~~~~~~~~~~~~~~~~~~~~~~~~~&#10;33     });&#10;34     &#10;----|---------------------------------------------------------------------------&#10;    X -[StoryResponseSpecSpec test_CategoriesResponse__should_not_be_nil] (2 ms) (0)&#10;    ~ -[StoryResponseSpecSpec test_CategoriesResponse__should_have_an_array_of_kind] (0 ms)&#10;    ~ -[Wattpad_appTests testExample] (0 ms)&#10;      -[Wattpad_appTests testPerformanceExample]&#10;--------------------------------------------------------------------------------&#10;/Users/mateuscampos/Documents/Concrete/Projetos/bootcamp/CS-iOS-Bootcamp/Wattpad-appTests/Wattpad_appTests.m:35: Test Case '-[Wattpad_appTests testPerformanceExample]' measured [Time, seconds] average: 0.000, relative standard deviation: 84.174%, values: [0.000003, 0.000001, 0.000001, 0.000001, 0.000001, 0.000001, 0.000001, 0.000001, 0.000001, 0.000001], performanceMetricID:com.apple.XCTPerformanceMetric_WallClockTime, baselineName: &quot;&quot;, baselineAverage: , maxPercentRegression: 10.000%, maxPercentRelativeStandardDeviation: 10.000%, maxRegression: 0.100, maxStandardDeviation: 0.100&#10;----|---------------------------------------------------------------------------&#10;    ~ -[Wattpad_appTests testPerformanceExample] (267 ms)&#10;    7 passed, 0 failed, 1 errored, 8 total (285 ms)&#10;&#10;&#10;Failures:&#10;&#10;  0) -[StoryResponseSpecSpec test_CategoriesResponse__should_not_be_nil] (Wattpad-appTests.xctest)&#10;--------------------------------------------------------------------------------&#10;2015-08-26 13:28:53.211 Wattpad-app[24595:372156] /Users/mateuscampos/Documents/Concrete/Projetos/bootcamp/CS-iOS-Bootcamp/Wattpad-appTests/StoryResponseSpec.m:32 expected: not nil/null, got: nil/null&#10;/Users/mateuscampos/Documents/Concrete/Projetos/bootcamp/CS-iOS-Bootcamp/Wattpad-appTests/StoryResponseSpec.m:32: expected: not nil/null, got: nil/null:&#10;29     });&#10;30     &#10;31     it(@&quot;should not be nil&quot;, ^{&#10;32         expect(categories).toNot.beNil();&#10;           ~~~~~~~~~~~~~~~~~~~~~~~~~~~~~~~~~&#10;33     });&#10;34     &#10;--------------------------------------------------------------------------------&#10;&#10;** TEST FAILED: 7 passed, 0 failed, 1 errored, 8 total ** (16800 ms)&#10;&#10;"/>
    </testcase>
  </testsuite>
</testsuites>
